<?xml version="1.0" encoding="UTF-8"?>
<!-- Generated by org.testng.reporters.JUnitXMLReporter -->
<testsuite ignored="0" hostname="DESKTOP-ELS9EF5" failures="0" tests="1" name="Default test(failed)" time="0.19" errors="0" timestamp="2026-02-02T22:49:44 IST">
  <testcase classname="Utility.BaseClass_Amazon" name="@BeforeMethod Launch" time="-1.770052784679E9">
    <failure type="org.testng.TestNGException" message="
Parameter &amp;apos;browser&amp;apos; is required by BeforeMethod on method Launch but has not been marked @Optional or defined
in D:\Users\Prema\eclipse-workspace\ProjectAmazon2\test-output\testng-failed.xml">
      <![CDATA[org.testng.TestNGException: 
Parameter 'browser' is required by BeforeMethod on method Launch but has not been marked @Optional or defined
in D:\Users\Prema\eclipse-workspace\ProjectAmazon2\test-output\testng-failed.xml
at java.base/java.util.ArrayList.forEach(ArrayList.java:1511)
... Removed 28 stack frames]]>
    </failure>
  </testcase> <!-- @BeforeMethod Launch -->
  <testcase classname="Utility.BaseClass_Amazon" name="@AfterMethod testcase2" time="-1.770052784737E9">
    <skipped/>
  </testcase> <!-- @AfterMethod testcase2 -->
  <testcase classname="amazonPackage.ProjectAmazon2.TestCase3_EditProfile" name="Testcase3" time="0.0">
    <skipped/>
  </testcase> <!-- Testcase3 -->
</testsuite> <!-- Default test(failed) -->
