<?xml version="1.0" encoding="UTF-8"?>
<testng-results ignored="0" total="1" passed="1" failed="0" skipped="0">
  <reporter-output>
  </reporter-output>
  <suite started-at="2026-02-22T01:20:28 IST" name="Suite" finished-at="2026-02-22T01:21:33 IST" duration-ms="65436">
    <groups>
    </groups>
    <test started-at="2026-02-22T01:20:28 IST" name="Test" finished-at="2026-02-22T01:21:33 IST" duration-ms="65436">
      <class name="amazonPackage.ProjectAmazon2.Testcase5_SearchWithFilters">
        <test-method is-config="true" signature="Launch(java.lang.String)[pri:0, instance:amazonPackage.ProjectAmazon2.Testcase5_SearchWithFilters@6bedbc4d]" started-at="2026-02-22T01:20:28 IST" name="Launch" finished-at="2026-02-22T01:20:41 IST" duration-ms="13401" status="PASS">
          <params>
            <param index="0">
              <value>
                <![CDATA[chrome]]>
              </value>
            </param>
          </params>
          <reporter-output>
          </reporter-output>
        </test-method> <!-- Launch -->
        <test-method signature="Testcase5_SerachwithFilter()[pri:0, instance:amazonPackage.ProjectAmazon2.Testcase5_SearchWithFilters@6bedbc4d]" started-at="2026-02-22T01:20:41 IST" name="Testcase5_SerachwithFilter" finished-at="2026-02-22T01:21:32 IST" duration-ms="50725" status="PASS">
          <reporter-output>
          </reporter-output>
        </test-method> <!-- Testcase5_SerachwithFilter -->
        <test-method is-config="true" signature="testcase2()[pri:0, instance:amazonPackage.ProjectAmazon2.Testcase5_SearchWithFilters@6bedbc4d]" started-at="2026-02-22T01:21:32 IST" name="testcase2" finished-at="2026-02-22T01:21:33 IST" duration-ms="1151" status="PASS">
          <reporter-output>
          </reporter-output>
        </test-method> <!-- testcase2 -->
      </class> <!-- amazonPackage.ProjectAmazon2.Testcase5_SearchWithFilters -->
    </test> <!-- Test -->
  </suite> <!-- Suite -->
</testng-results>
