<?xml version="1.0" encoding="UTF-8"?>
<!-- Generated by org.testng.reporters.JUnitReportReporter -->
<testsuite hostname="DESKTOP-ELS9EF5" failures="0" tests="1" name="amazonPackage.ProjectAmazon2.Testcase5_SearchWithFilters" time="65.277" errors="0" timestamp="2026-02-22T01:21:33 IST" skipped="0">
  <testcase classname="amazonPackage.ProjectAmazon2.Testcase5_SearchWithFilters" name="Testcase5_SerachwithFilter" time="65.277"/>
  <system-out/>
</testsuite> <!-- amazonPackage.ProjectAmazon2.Testcase5_SearchWithFilters -->
