<?xml version="1.0" encoding="UTF-8"?>
<!-- Generated by org.testng.reporters.JUnitReportReporter -->
<testsuite hostname="DESKTOP-ELS9EF5" failures="0" tests="1" name="amazonPackage.ProjectAmazon2.Testcase1_LoginAmazon2" time="39.910" errors="0" timestamp="2026-02-21T01:42:34 IST" skipped="0">
  <testcase classname="amazonPackage.ProjectAmazon2.Testcase1_LoginAmazon2" name="testCaseMethod" time="39.910"/>
  <system-out/>
</testsuite> <!-- amazonPackage.ProjectAmazon2.Testcase1_LoginAmazon2 -->
